\BOOKMARK [1][-]{section*.1}{Deliverable specific information}{}% 1
\BOOKMARK [1][-]{section*.2}{Table of Contents}{}% 2
\BOOKMARK [1][-]{section*.3}{List of Figures}{}% 3
\BOOKMARK [1][-]{section*.4}{List of Tables}{}% 4
\BOOKMARK [1][-]{section.1}{Introduction}{}% 5
\BOOKMARK [2][-]{subsection.1.1}{Purpose}{section.1}% 6
\BOOKMARK [2][-]{subsection.1.2}{Scope}{section.1}% 7
\BOOKMARK [2][-]{subsection.1.3}{Stakeholders}{section.1}% 8
\BOOKMARK [2][-]{subsection.1.4}{Definitions, acronyms and abbreviations}{section.1}% 9
\BOOKMARK [3][-]{subsubsection.1.4.1}{Definitions}{subsection.1.4}% 10
\BOOKMARK [3][-]{subsubsection.1.4.2}{Acronyms}{subsection.1.4}% 11
\BOOKMARK [3][-]{subsubsection.1.4.3}{Abbreviations}{subsection.1.4}% 12
\BOOKMARK [3][-]{subsubsection.1.4.4}{Revision History}{subsection.1.4}% 13
\BOOKMARK [2][-]{subsection.1.5}{Reference documents}{section.1}% 14
\BOOKMARK [1][-]{section.2}{Overall Description}{}% 15
\BOOKMARK [2][-]{subsection.2.1}{Product Perspective}{section.2}% 16
\BOOKMARK [2][-]{subsection.2.2}{Product Functions}{section.2}% 17
\BOOKMARK [2][-]{subsection.2.3}{User Characteristics}{section.2}% 18
\BOOKMARK [2][-]{subsection.2.4}{Domain Assumptions}{section.2}% 19
\BOOKMARK [1][-]{section.3}{Specific Requirements}{}% 20
\BOOKMARK [2][-]{subsection.3.1}{External Interface Requirements}{section.3}% 21
\BOOKMARK [3][-]{subsubsection.3.1.1}{User Interfaces}{subsection.3.1}% 22
\BOOKMARK [3][-]{subsubsection.3.1.2}{Hardware Interfaces}{subsection.3.1}% 23
\BOOKMARK [3][-]{subsubsection.3.1.3}{Software Interfaces}{subsection.3.1}% 24
\BOOKMARK [3][-]{subsubsection.3.1.4}{Communication Interfaces}{subsection.3.1}% 25
\BOOKMARK [2][-]{subsection.3.2}{Functional Requirements}{section.3}% 26
\BOOKMARK [3][-]{subsubsection.3.2.1}{Registration}{subsection.3.2}% 27
\BOOKMARK [3][-]{subsubsection.3.2.2}{Login}{subsection.3.2}% 28
\BOOKMARK [3][-]{subsubsection.3.2.3}{Specify Means of Travel}{subsection.3.2}% 29
\BOOKMARK [3][-]{subsubsection.3.2.4}{Create Appointment}{subsection.3.2}% 30
\BOOKMARK [3][-]{subsubsection.3.2.5}{Change Appointment Information}{subsection.3.2}% 31
\BOOKMARK [3][-]{subsubsection.3.2.6}{Delete Appointment}{subsection.3.2}% 32
\BOOKMARK [3][-]{subsubsection.3.2.7}{Manage Breaks}{subsection.3.2}% 33
\BOOKMARK [3][-]{subsubsection.3.2.8}{Manage Account}{subsection.3.2}% 34
\BOOKMARK [2][-]{subsection.3.3}{Performance Requirements}{section.3}% 35
\BOOKMARK [2][-]{subsection.3.4}{Design Constraints}{section.3}% 36
\BOOKMARK [3][-]{subsubsection.3.4.1}{Standards Compliance}{subsection.3.4}% 37
\BOOKMARK [3][-]{subsubsection.3.4.2}{Hardware Limitations}{subsection.3.4}% 38
\BOOKMARK [2][-]{subsection.3.5}{Software System Attributes}{section.3}% 39
\BOOKMARK [3][-]{subsubsection.3.5.1}{Reliability}{subsection.3.5}% 40
\BOOKMARK [3][-]{subsubsection.3.5.2}{Availability}{subsection.3.5}% 41
\BOOKMARK [3][-]{subsubsection.3.5.3}{Safety and Privacy Constraints}{subsection.3.5}% 42
\BOOKMARK [3][-]{subsubsection.3.5.4}{Maintainability}{subsection.3.5}% 43
\BOOKMARK [3][-]{subsubsection.3.5.5}{Portability}{subsection.3.5}% 44
