\BOOKMARK [1][-]{section*.1}{Deliverable specific information}{}% 1
\BOOKMARK [1][-]{section*.2}{Table of Contents}{}% 2
\BOOKMARK [1][-]{section*.3}{List of Figures}{}% 3
\BOOKMARK [1][-]{section*.4}{List of Tables}{}% 4
\BOOKMARK [1][-]{section.1}{Introduction}{}% 5
\BOOKMARK [2][-]{subsection.1.1}{Purpose}{section.1}% 6
\BOOKMARK [2][-]{subsection.1.2}{Scope}{section.1}% 7
\BOOKMARK [2][-]{subsection.1.3}{Definitions, Acronyms, Abbreviation}{section.1}% 8
\BOOKMARK [2][-]{subsection.1.4}{Revision History}{section.1}% 9
\BOOKMARK [2][-]{subsection.1.5}{Reference Documents}{section.1}% 10
\BOOKMARK [2][-]{subsection.1.6}{Document Structure}{section.1}% 11
\BOOKMARK [1][-]{section.2}{Architectural Design}{}% 12
\BOOKMARK [2][-]{subsection.2.1}{Overview}{section.2}% 13
\BOOKMARK [2][-]{subsection.2.2}{Component View}{section.2}% 14
\BOOKMARK [3][-]{subsubsection.2.2.1}{Overview}{subsection.2.2}% 15
\BOOKMARK [3][-]{subsubsection.2.2.2}{Database View}{subsection.2.2}% 16
\BOOKMARK [3][-]{subsubsection.2.2.3}{Application Server View}{subsection.2.2}% 17
\BOOKMARK [3][-]{subsubsection.2.2.4}{Web Server}{subsection.2.2}% 18
\BOOKMARK [3][-]{subsubsection.2.2.5}{Mobile Application}{subsection.2.2}% 19
\BOOKMARK [2][-]{subsection.2.3}{Deployment View}{section.2}% 20
\BOOKMARK [2][-]{subsection.2.4}{Runtime View}{section.2}% 21
\BOOKMARK [2][-]{subsection.2.5}{Component Interfaces}{section.2}% 22
\BOOKMARK [2][-]{subsection.2.6}{Selected architectural styles and patterns}{section.2}% 23
\BOOKMARK [2][-]{subsection.2.7}{Other design decision}{section.2}% 24
\BOOKMARK [1][-]{section.3}{Algorithm Design}{}% 25
\BOOKMARK [1][-]{section.4}{User Interface Design}{}% 26
\BOOKMARK [2][-]{subsection.4.1}{UserInterfaces}{section.4}% 27
\BOOKMARK [1][-]{section.5}{Requirements Traceability}{}% 28
\BOOKMARK [2][-]{subsection.5.1}{requirements traceability}{section.5}% 29
\BOOKMARK [1][-]{section.6}{Implementation, Integration and Test Plan}{}% 30
\BOOKMARK [2][-]{subsection.6.1}{implementation}{section.6}% 31
\BOOKMARK [1][-]{section.7}{Appendix}{}% 32
\BOOKMARK [2][-]{subsection.7.1}{Effort Spent}{section.7}% 33
\BOOKMARK [2][-]{subsection.7.2}{References}{section.7}% 34
